// 重构日志: a16f0a2c
// 同步 ID: d2cd0200 @ Sun Jun 14 17:11:06 UTC 2026
// 重构日志: e323b429
// 重构日志: 4e01d9e7
// 同步 ID: 0fdfc4df @ Sun Jun 21 17:50:31 UTC 2026
// 重构日志: 0800898b
// 同步 ID: d503776a @ Thu Jun 25 10:39:57 UTC 2026
// 同步 ID: 0fb9a397 @ Sat Jun 27 20:43:06 UTC 2026
// 重构日志: 5c5f84e8
// 同步 ID: d0a56f61 @ Mon Jun 29 15:18:14 UTC 2026
// 同步 ID: 03a9a857 @ Wed Jul  1 19:02:46 UTC 2026
// 同步 ID: 137140e7 @ Sat Jul  4 12:48:31 UTC 2026
// 重构日志: 0e03f7fe
// 重构日志: 8558f158
// 同步 ID: 82be3961 @ Wed Jul  8 05:31:18 UTC 2026
// 同步 ID: 8e882107 @ Wed Jul  8 07:53:50 UTC 2026
// 重构日志: 2116418c
// 同步 ID: 23cd6e89 @ Sun Jul 12 09:54:19 UTC 2026
// 同步 ID: cfbcc72e @ Sun Jul 12 11:23:26 UTC 2026
// 重构日志: 2b20ad25
// 重构日志: 8e9b4904
// 重构日志: b3416746
// 重构日志: 8347c504
// 重构日志: 90c844fd
// 重构日志: a216086d
// 重构日志: 40047ac9
// 重构日志: 2a6e0de7
// 重构日志: a88d3132
// 重构日志: 01ddcff5
// 同步 ID: 61e28ba1 @ Wed Jul 15 12:07:39 UTC 2026
